Arguments: 
  /home/t/.nvm/versions/node/v12.22.1/bin/node /home/t/.nvm/versions/node/v12.22.1/bin/yarn add @types/drizzle-react

PATH: 
  /home/t/anaconda3/bin:/home/t/anaconda3/condabin:/home/t/.nvm/versions/node/v12.22.1/bin:/home/t/.local/bin:/home/t/bin:/usr/local/sbin:/usr/local/bin:/usr/sbin:/usr/bin:/sbin:/bin:/usr/games:/usr/local/games:/snap/bin

Yarn version: 
  1.22.10

Node version: 
  12.22.1

Platform: 
  linux x64

Trace: 
  Error: https://registry.yarnpkg.com/@types%2fdrizzle-react: Not found
      at Request.params.callback [as _callback] (/home/t/.nvm/versions/node/v12.22.1/lib/node_modules/yarn/lib/cli.js:66988:18)
      at Request.self.callback (/home/t/.nvm/versions/node/v12.22.1/lib/node_modules/yarn/lib/cli.js:140662:22)
      at Request.emit (events.js:314:20)
      at Request.<anonymous> (/home/t/.nvm/versions/node/v12.22.1/lib/node_modules/yarn/lib/cli.js:141634:10)
      at Request.emit (events.js:314:20)
      at IncomingMessage.<anonymous> (/home/t/.nvm/versions/node/v12.22.1/lib/node_modules/yarn/lib/cli.js:141556:12)
      at Object.onceWrapper (events.js:420:28)
      at IncomingMessage.emit (events.js:326:22)
      at endReadableNT (_stream_readable.js:1241:12)
      at processTicksAndRejections (internal/process/task_queues.js:84:21)

npm manifest: 
  {
    "name": "solidity-tutorial",
    "version": "0.1.0",
    "description": "",
    "main": "truffle-config.js",
    "directories": {
      "test": "test"
    },
    "scripts": {
      "start": "cd app && npm run start",
      "build": "cd app && npm run build",
      "test": "cd app && npm test",
      "compile": "truffle compile",
      "migrate:ganache": "truffle migrate --reset --compile-all --network ganache",
      "console:ganache": "truffle console --network ganache"
    },
    "repository": {
      "type": "git",
      "url": "git+https://github.com/truffle-box/drizzle-box.git"
    },
    "keywords": [],
    "author": "",
    "license": "ISC",
    "bugs": {
      "url": "https://github.com/truffle-box/drizzle-box/issues"
    },
    "homepage": "https://github.com/truffle-box/drizzle-box#readme",
    "dependencies": {
      "@openzeppelin/contracts": "^2.4.0"
    }
  }

yarn manifest: 
  No manifest

Lockfile: 
  # THIS IS AN AUTOGENERATED FILE. DO NOT EDIT THIS FILE DIRECTLY.
  # yarn lockfile v1
  
  
  "@openzeppelin/contracts@^2.4.0":
    version "2.5.1"
    resolved "https://registry.yarnpkg.com/@openzeppelin/contracts/-/contracts-2.5.1.tgz#c76e3fc57aa224da3718ec351812a4251289db31"
    integrity sha512-qIy6tLx8rtybEsIOAlrM4J/85s2q2nPkDqj/Rx46VakBZ0LwtFhXIVub96LXHczQX0vaqmAueDqNPXtbSXSaYQ==
